<?xml version="1.0" encoding="UTF-8"?>
<!-- Generated by org.testng.reporters.JUnitXMLReporter -->
<testsuite ignored="0" hostname="DESKTOP-GP5OOLD" failures="0" tests="3" name="OpenCart Functional Testing" time="9.308" errors="0" timestamp="2023-12-15T15:37:08 PST">
  <testcase classname="com.opencart.customer.TestCases.AccountRegistrationTest" name="test_success_account_registration" time="2.945"/>
  <testcase classname="com.opencart.customer.TestCases.LoginTest" name="test_success_login" time="0.709"/>
  <testcase classname="com.opencart.customer.TestCases.SearchProductTest" name="test_search_item" time="0.557"/>
</testsuite> <!-- OpenCart Functional Testing -->
