<?xml version="1.0" encoding="UTF-8"?>
<!-- Generated by org.testng.reporters.JUnitXMLReporter -->
<testsuite ignored="0" hostname="DESKTOP-GP5OOLD" failures="0" tests="5" name="OpenCart Functional Testing" time="29.099" errors="0" timestamp="2023-12-22T16:04:22 PST">
  <testcase classname="com.opencart.customer.TestCases.AccountRegistrationTest" name="test_success_account_registration" time="3.264"/>
  <testcase classname="com.opencart.customer.TestCases.LoginTest" name="test_success_login" time="0.725"/>
  <testcase classname="com.opencart.customer.TestCases.SearchProductTest" name="test_search_item" time="0.684"/>
  <testcase classname="com.opencart.customer.TestCases.AddToCartTest" name="test_add_to_cart" time="1.56"/>
  <testcase classname="com.opencart.customer.TestCases.EndToEndTest" name="test_end_to_end" time="14.402"/>
</testsuite> <!-- OpenCart Functional Testing -->
