<?xml version="1.0" encoding="UTF-8"?>
<testng-results ignored="0" total="3" passed="3" failed="0" skipped="0">
  <reporter-output>
  </reporter-output>
  <suite started-at="2023-12-15T15:36:59 PST" name="OpenCart Automation Suite" finished-at="2023-12-15T15:37:08 PST" duration-ms="9308">
    <groups>
      <group name="regression">
        <method signature="AccountRegistrationTest.test_success_account_registration()[pri:0, instance:com.opencart.customer.TestCases.AccountRegistrationTest@6b26e945]" name="test_success_account_registration" class="com.opencart.customer.TestCases.AccountRegistrationTest"/>
      </group> <!-- regression -->
      <group name="sanity">
        <method signature="LoginTest.test_success_login()[pri:0, instance:com.opencart.customer.TestCases.LoginTest@4e91d63f]" name="test_success_login" class="com.opencart.customer.TestCases.LoginTest"/>
      </group> <!-- sanity -->
      <group name="main">
        <method signature="AccountRegistrationTest.test_success_account_registration()[pri:0, instance:com.opencart.customer.TestCases.AccountRegistrationTest@6b26e945]" name="test_success_account_registration" class="com.opencart.customer.TestCases.AccountRegistrationTest"/>
        <method signature="LoginTest.test_success_login()[pri:0, instance:com.opencart.customer.TestCases.LoginTest@4e91d63f]" name="test_success_login" class="com.opencart.customer.TestCases.LoginTest"/>
      </group> <!-- main -->
    </groups>
    <test started-at="2023-12-15T15:36:59 PST" name="OpenCart Functional Testing" finished-at="2023-12-15T15:37:08 PST" duration-ms="9308">
      <class name="com.opencart.customer.TestCases.SearchProductTest">
        <test-method is-config="true" signature="setup(java.lang.String)[pri:0, instance:com.opencart.customer.TestCases.SearchProductTest@d4342c2]" started-at="2023-12-15T15:37:06 PST" name="setup" finished-at="2023-12-15T15:37:07 PST" duration-ms="1283" status="PASS">
          <params>
            <param index="0">
              <value>
                <![CDATA[chrome]]>
              </value>
            </param>
          </params>
          <reporter-output>
          </reporter-output>
        </test-method> <!-- setup -->
        <test-method signature="test_search_item()[pri:0, instance:com.opencart.customer.TestCases.SearchProductTest@d4342c2]" started-at="2023-12-15T15:37:07 PST" name="test_search_item" finished-at="2023-12-15T15:37:08 PST" duration-ms="557" status="PASS">
          <reporter-output>
          </reporter-output>
        </test-method> <!-- test_search_item -->
        <test-method is-config="true" signature="tearDown()[pri:0, instance:com.opencart.customer.TestCases.SearchProductTest@d4342c2]" started-at="2023-12-15T15:37:08 PST" name="tearDown" finished-at="2023-12-15T15:37:08 PST" duration-ms="125" status="PASS">
          <reporter-output>
          </reporter-output>
        </test-method> <!-- tearDown -->
      </class> <!-- com.opencart.customer.TestCases.SearchProductTest -->
      <class name="com.opencart.customer.TestCases.LoginTest">
        <test-method is-config="true" signature="setup(java.lang.String)[pri:0, instance:com.opencart.customer.TestCases.LoginTest@4e91d63f]" started-at="2023-12-15T15:37:04 PST" name="setup" finished-at="2023-12-15T15:37:05 PST" duration-ms="1148" status="PASS">
          <params>
            <param index="0">
              <value>
                <![CDATA[chrome]]>
              </value>
            </param>
          </params>
          <reporter-output>
          </reporter-output>
        </test-method> <!-- setup -->
        <test-method signature="test_success_login()[pri:0, instance:com.opencart.customer.TestCases.LoginTest@4e91d63f]" started-at="2023-12-15T15:37:05 PST" name="test_success_login" finished-at="2023-12-15T15:37:06 PST" duration-ms="709" status="PASS">
          <reporter-output>
          </reporter-output>
        </test-method> <!-- test_success_login -->
        <test-method is-config="true" signature="tearDown()[pri:0, instance:com.opencart.customer.TestCases.LoginTest@4e91d63f]" started-at="2023-12-15T15:37:06 PST" name="tearDown" finished-at="2023-12-15T15:37:06 PST" duration-ms="208" status="PASS">
          <reporter-output>
          </reporter-output>
        </test-method> <!-- tearDown -->
      </class> <!-- com.opencart.customer.TestCases.LoginTest -->
      <class name="com.opencart.customer.TestCases.AccountRegistrationTest">
        <test-method is-config="true" signature="setup(java.lang.String)[pri:0, instance:com.opencart.customer.TestCases.AccountRegistrationTest@6b26e945]" started-at="2023-12-15T15:36:59 PST" name="setup" finished-at="2023-12-15T15:37:01 PST" duration-ms="2041" status="PASS">
          <params>
            <param index="0">
              <value>
                <![CDATA[chrome]]>
              </value>
            </param>
          </params>
          <reporter-output>
          </reporter-output>
        </test-method> <!-- setup -->
        <test-method signature="test_success_account_registration()[pri:0, instance:com.opencart.customer.TestCases.AccountRegistrationTest@6b26e945]" started-at="2023-12-15T15:37:01 PST" name="test_success_account_registration" finished-at="2023-12-15T15:37:04 PST" duration-ms="2945" status="PASS">
          <reporter-output>
          </reporter-output>
        </test-method> <!-- test_success_account_registration -->
        <test-method is-config="true" signature="tearDown()[pri:0, instance:com.opencart.customer.TestCases.AccountRegistrationTest@6b26e945]" started-at="2023-12-15T15:37:04 PST" name="tearDown" finished-at="2023-12-15T15:37:04 PST" duration-ms="110" status="PASS">
          <reporter-output>
          </reporter-output>
        </test-method> <!-- tearDown -->
      </class> <!-- com.opencart.customer.TestCases.AccountRegistrationTest -->
    </test> <!-- OpenCart Functional Testing -->
  </suite> <!-- OpenCart Automation Suite -->
</testng-results>
