<?xml version="1.0" encoding="UTF-8"?>
<testng-results ignored="0" total="5" passed="5" failed="0" skipped="0">
  <reporter-output>
  </reporter-output>
  <suite started-at="2023-12-22T16:03:53 PST" name="OpenCart Automation Suite" finished-at="2023-12-22T16:04:22 PST" duration-ms="29099">
    <groups>
      <group name="regression">
        <method signature="AccountRegistrationTest.test_success_account_registration()[pri:0, instance:com.opencart.customer.TestCases.AccountRegistrationTest@1ed1993a]" name="test_success_account_registration" class="com.opencart.customer.TestCases.AccountRegistrationTest"/>
      </group> <!-- regression -->
      <group name="sanity">
        <method signature="LoginTest.test_success_login()[pri:0, instance:com.opencart.customer.TestCases.LoginTest@48aaecc3]" name="test_success_login" class="com.opencart.customer.TestCases.LoginTest"/>
      </group> <!-- sanity -->
      <group name="main">
        <method signature="AccountRegistrationTest.test_success_account_registration()[pri:0, instance:com.opencart.customer.TestCases.AccountRegistrationTest@1ed1993a]" name="test_success_account_registration" class="com.opencart.customer.TestCases.AccountRegistrationTest"/>
        <method signature="LoginTest.test_success_login()[pri:0, instance:com.opencart.customer.TestCases.LoginTest@48aaecc3]" name="test_success_login" class="com.opencart.customer.TestCases.LoginTest"/>
      </group> <!-- main -->
    </groups>
    <test started-at="2023-12-22T16:03:53 PST" name="OpenCart Functional Testing" finished-at="2023-12-22T16:04:22 PST" duration-ms="29099">
      <class name="com.opencart.customer.TestCases.AddToCartTest">
        <test-method is-config="true" signature="setup(java.lang.String)[pri:0, instance:com.opencart.customer.TestCases.AddToCartTest@7adda9cc]" started-at="2023-12-22T16:04:04 PST" name="setup" finished-at="2023-12-22T16:04:05 PST" duration-ms="1222" status="PASS">
          <params>
            <param index="0">
              <value>
                <![CDATA[chrome]]>
              </value>
            </param>
          </params>
          <reporter-output>
          </reporter-output>
        </test-method> <!-- setup -->
        <test-method signature="test_add_to_cart()[pri:0, instance:com.opencart.customer.TestCases.AddToCartTest@7adda9cc]" started-at="2023-12-22T16:04:05 PST" name="test_add_to_cart" finished-at="2023-12-22T16:04:06 PST" duration-ms="1560" status="PASS">
          <reporter-output>
          </reporter-output>
        </test-method> <!-- test_add_to_cart -->
        <test-method is-config="true" signature="tearDown()[pri:0, instance:com.opencart.customer.TestCases.AddToCartTest@7adda9cc]" started-at="2023-12-22T16:04:06 PST" name="tearDown" finished-at="2023-12-22T16:04:07 PST" duration-ms="114" status="PASS">
          <reporter-output>
          </reporter-output>
        </test-method> <!-- tearDown -->
      </class> <!-- com.opencart.customer.TestCases.AddToCartTest -->
      <class name="com.opencart.customer.TestCases.SearchProductTest">
        <test-method is-config="true" signature="setup(java.lang.String)[pri:0, instance:com.opencart.customer.TestCases.SearchProductTest@7c0c77c7]" started-at="2023-12-22T16:04:02 PST" name="setup" finished-at="2023-12-22T16:04:03 PST" duration-ms="1294" status="PASS">
          <params>
            <param index="0">
              <value>
                <![CDATA[chrome]]>
              </value>
            </param>
          </params>
          <reporter-output>
          </reporter-output>
        </test-method> <!-- setup -->
        <test-method signature="test_search_item()[pri:0, instance:com.opencart.customer.TestCases.SearchProductTest@7c0c77c7]" started-at="2023-12-22T16:04:03 PST" name="test_search_item" finished-at="2023-12-22T16:04:04 PST" duration-ms="684" status="PASS">
          <reporter-output>
          </reporter-output>
        </test-method> <!-- test_search_item -->
        <test-method is-config="true" signature="tearDown()[pri:0, instance:com.opencart.customer.TestCases.SearchProductTest@7c0c77c7]" started-at="2023-12-22T16:04:04 PST" name="tearDown" finished-at="2023-12-22T16:04:04 PST" duration-ms="117" status="PASS">
          <reporter-output>
          </reporter-output>
        </test-method> <!-- tearDown -->
      </class> <!-- com.opencart.customer.TestCases.SearchProductTest -->
      <class name="com.opencart.customer.TestCases.EndToEndTest">
        <test-method is-config="true" signature="setup(java.lang.String)[pri:0, instance:com.opencart.customer.TestCases.EndToEndTest@5cee5251]" started-at="2023-12-22T16:04:07 PST" name="setup" finished-at="2023-12-22T16:04:08 PST" duration-ms="1140" status="PASS">
          <params>
            <param index="0">
              <value>
                <![CDATA[chrome]]>
              </value>
            </param>
          </params>
          <reporter-output>
          </reporter-output>
        </test-method> <!-- setup -->
        <test-method signature="test_end_to_end()[pri:0, instance:com.opencart.customer.TestCases.EndToEndTest@5cee5251]" started-at="2023-12-22T16:04:08 PST" name="test_end_to_end" finished-at="2023-12-22T16:04:22 PST" duration-ms="14402" status="PASS">
          <reporter-output>
          </reporter-output>
        </test-method> <!-- test_end_to_end -->
        <test-method is-config="true" signature="tearDown()[pri:0, instance:com.opencart.customer.TestCases.EndToEndTest@5cee5251]" started-at="2023-12-22T16:04:22 PST" name="tearDown" finished-at="2023-12-22T16:04:22 PST" duration-ms="154" status="PASS">
          <reporter-output>
          </reporter-output>
        </test-method> <!-- tearDown -->
      </class> <!-- com.opencart.customer.TestCases.EndToEndTest -->
      <class name="com.opencart.customer.TestCases.LoginTest">
        <test-method is-config="true" signature="setup(java.lang.String)[pri:0, instance:com.opencart.customer.TestCases.LoginTest@48aaecc3]" started-at="2023-12-22T16:03:59 PST" name="setup" finished-at="2023-12-22T16:04:01 PST" duration-ms="1247" status="PASS">
          <params>
            <param index="0">
              <value>
                <![CDATA[chrome]]>
              </value>
            </param>
          </params>
          <reporter-output>
          </reporter-output>
        </test-method> <!-- setup -->
        <test-method signature="test_success_login()[pri:0, instance:com.opencart.customer.TestCases.LoginTest@48aaecc3]" started-at="2023-12-22T16:04:01 PST" name="test_success_login" finished-at="2023-12-22T16:04:01 PST" duration-ms="725" status="PASS">
          <reporter-output>
          </reporter-output>
        </test-method> <!-- test_success_login -->
        <test-method is-config="true" signature="tearDown()[pri:0, instance:com.opencart.customer.TestCases.LoginTest@48aaecc3]" started-at="2023-12-22T16:04:01 PST" name="tearDown" finished-at="2023-12-22T16:04:02 PST" duration-ms="125" status="PASS">
          <reporter-output>
          </reporter-output>
        </test-method> <!-- tearDown -->
      </class> <!-- com.opencart.customer.TestCases.LoginTest -->
      <class name="com.opencart.customer.TestCases.AccountRegistrationTest">
        <test-method is-config="true" signature="setup(java.lang.String)[pri:0, instance:com.opencart.customer.TestCases.AccountRegistrationTest@1ed1993a]" started-at="2023-12-22T16:03:53 PST" name="setup" finished-at="2023-12-22T16:03:56 PST" duration-ms="2671" status="PASS">
          <params>
            <param index="0">
              <value>
                <![CDATA[chrome]]>
              </value>
            </param>
          </params>
          <reporter-output>
          </reporter-output>
        </test-method> <!-- setup -->
        <test-method signature="test_success_account_registration()[pri:0, instance:com.opencart.customer.TestCases.AccountRegistrationTest@1ed1993a]" started-at="2023-12-22T16:03:56 PST" name="test_success_account_registration" finished-at="2023-12-22T16:03:59 PST" duration-ms="3264" status="PASS">
          <reporter-output>
          </reporter-output>
        </test-method> <!-- test_success_account_registration -->
        <test-method is-config="true" signature="tearDown()[pri:0, instance:com.opencart.customer.TestCases.AccountRegistrationTest@1ed1993a]" started-at="2023-12-22T16:03:59 PST" name="tearDown" finished-at="2023-12-22T16:03:59 PST" duration-ms="130" status="PASS">
          <reporter-output>
          </reporter-output>
        </test-method> <!-- tearDown -->
      </class> <!-- com.opencart.customer.TestCases.AccountRegistrationTest -->
    </test> <!-- OpenCart Functional Testing -->
  </suite> <!-- OpenCart Automation Suite -->
</testng-results>
